= Start
@ ./a.out:[0x563e8dc4621d] + 0x563e8f6a18c0 0x3e8
@ /lib/x86_64-linux-gnu/libc.so.6:(_IO_file_doallocate+0x8c)[0x7fc59865d13c] + 0x563e8f6a1cf0 0x400
@ ./a.out:[0x563e8dc4621d] + 0x563e8f6a2130 0x3e8
@ ./a.out:[0x563e8dc4621d] + 0x563e8f6a2560 0x3e8
@ ./a.out:[0x563e8dc4621d] + 0x563e8f6a2990 0x3e8
@ ./a.out:[0x563e8dc4621d] + 0x563e8f6a2dc0 0x3e8
@ ./a.out:[0x563e8dc4621d] + 0x563e8f6a31f0 0x3e8
@ ./a.out:[0x563e8dc4621d] + 0x563e8f6a3620 0x3e8
@ ./a.out:[0x563e8dc4621d] + 0x563e8f6a3a50 0x3e8
@ ./a.out:[0x563e8dc4621d] + 0x563e8f6a3e80 0x3e8
@ ./a.out:[0x563e8dc4621d] + 0x563e8f6a42b0 0x3e8
@ ./a.out:[0x563e8dc4621d] + 0x563e8f6a46e0 0x3e8
@ ./a.out:[0x563e8dc4621d] + 0x563e8f6a4b10 0x3e8
@ ./a.out:[0x563e8dc4621d] + 0x563e8f6a4f40 0x3e8
@ ./a.out:[0x563e8dc4621d] + 0x563e8f6a5370 0x3e8
@ ./a.out:[0x563e8dc4621d] + 0x563e8f6a57a0 0x3e8
@ ./a.out:[0x563e8dc4621d] + 0x563e8f6a5bd0 0x3e8
@ ./a.out:[0x563e8dc4621d] + 0x563e8f6a6000 0x3e8
@ ./a.out:[0x563e8dc4621d] + 0x563e8f6a6430 0x3e8
@ ./a.out:[0x563e8dc4621d] + 0x563e8f6a6860 0x3e8
@ ./a.out:[0x563e8dc4621d] + 0x563e8f6a6c90 0x3e8
@ ./a.out:[0x563e8dc4621d] + 0x563e8f6a70c0 0x3e8
@ ./a.out:[0x563e8dc4621d] + 0x563e8f6a74f0 0x3e8
@ ./a.out:[0x563e8dc4621d] + 0x563e8f6a7920 0x3e8
@ ./a.out:[0x563e8dc4621d] + 0x563e8f6a7d50 0x3e8
@ ./a.out:[0x563e8dc4621d] + 0x563e8f6a8180 0x3e8
@ ./a.out:[0x563e8dc4621d] + 0x563e8f6a85b0 0x3e8
@ ./a.out:[0x563e8dc4621d] + 0x563e8f6a89e0 0x3e8
@ ./a.out:[0x563e8dc4621d] + 0x563e8f6a8e10 0x3e8
@ ./a.out:[0x563e8dc4621d] + 0x563e8f6a9240 0x3e8
@ ./a.out:[0x563e8dc4621d] + 0x563e8f6a9670 0x3e8
@ ./a.out:[0x563e8dc4621d] + 0x563e8f6a9aa0 0x3e8
@ ./a.out:[0x563e8dc4621d] + 0x563e8f6a9ed0 0x3e8
@ ./a.out:[0x563e8dc4621d] + 0x563e8f6aa300 0x3e8
@ ./a.out:[0x563e8dc4621d] + 0x563e8f6aa730 0x3e8
@ ./a.out:[0x563e8dc4621d] + 0x563e8f6aab60 0x3e8
@ ./a.out:[0x563e8dc4621d] + 0x563e8f6aaf90 0x3e8
@ ./a.out:[0x563e8dc4621d] + 0x563e8f6ab3c0 0x3e8
@ ./a.out:[0x563e8dc4621d] + 0x563e8f6ab7f0 0x3e8
@ ./a.out:[0x563e8dc4621d] + 0x563e8f6abc20 0x3e8
@ ./a.out:[0x563e8dc4621d] + 0x563e8f6ac050 0x3e8
@ ./a.out:[0x563e8dc4621d] + 0x563e8f6ac480 0x3e8
@ ./a.out:[0x563e8dc4621d] + 0x563e8f6ac8b0 0x3e8
@ ./a.out:[0x563e8dc4621d] + 0x563e8f6acce0 0x3e8
@ ./a.out:[0x563e8dc4621d] + 0x563e8f6ad110 0x3e8
@ ./a.out:[0x563e8dc4621d] + 0x563e8f6ad540 0x3e8
@ ./a.out:[0x563e8dc4621d] + 0x563e8f6ad970 0x3e8
@ ./a.out:[0x563e8dc4621d] + 0x563e8f6adda0 0x3e8
@ ./a.out:[0x563e8dc4621d] + 0x563e8f6ae1d0 0x3e8
@ ./a.out:[0x563e8dc4621d] + 0x563e8f6ae600 0x3e8
@ ./a.out:[0x563e8dc4621d] + 0x563e8f6aea30 0x3e8
@ ./a.out:[0x563e8dc4621d] + 0x563e8f6aee60 0x3e8
@ ./a.out:[0x563e8dc4621d] + 0x563e8f6af290 0x3e8
@ ./a.out:[0x563e8dc4621d] + 0x563e8f6af6c0 0x3e8
@ ./a.out:[0x563e8dc4621d] + 0x563e8f6afaf0 0x3e8
@ ./a.out:[0x563e8dc4621d] + 0x563e8f6aff20 0x3e8
@ ./a.out:[0x563e8dc4621d] + 0x563e8f6b0350 0x3e8
@ ./a.out:[0x563e8dc4621d] + 0x563e8f6b0780 0x3e8
@ ./a.out:[0x563e8dc4621d] + 0x563e8f6b0bb0 0x3e8
@ ./a.out:[0x563e8dc4621d] + 0x563e8f6b0fe0 0x3e8
@ ./a.out:[0x563e8dc4621d] + 0x563e8f6b1410 0x3e8
@ ./a.out:[0x563e8dc4621d] + 0x563e8f6b1840 0x3e8
@ ./a.out:[0x563e8dc4621d] + 0x563e8f6b1c70 0x3e8
@ ./a.out:[0x563e8dc4621d] + 0x563e8f6b20a0 0x3e8
@ ./a.out:[0x563e8dc4621d] + 0x563e8f6b24d0 0x3e8
@ ./a.out:[0x563e8dc4621d] + 0x563e8f6b2900 0x3e8
@ ./a.out:[0x563e8dc4621d] + 0x563e8f6b2d30 0x3e8
@ ./a.out:[0x563e8dc4621d] + 0x563e8f6b3160 0x3e8
@ ./a.out:[0x563e8dc4621d] + 0x563e8f6b3590 0x3e8
@ ./a.out:[0x563e8dc4621d] + 0x563e8f6b39c0 0x3e8
@ ./a.out:[0x563e8dc4621d] + 0x563e8f6b3df0 0x3e8
@ ./a.out:[0x563e8dc4621d] + 0x563e8f6b4220 0x3e8
@ ./a.out:[0x563e8dc4621d] + 0x563e8f6b4650 0x3e8
@ ./a.out:[0x563e8dc4621d] + 0x563e8f6b4a80 0x3e8
@ ./a.out:[0x563e8dc4621d] + 0x563e8f6b4eb0 0x3e8
@ ./a.out:[0x563e8dc4621d] + 0x563e8f6b52e0 0x3e8
@ ./a.out:[0x563e8dc4621d] + 0x563e8f6b5710 0x3e8
@ ./a.out:[0x563e8dc4621d] + 0x563e8f6b5b40 0x3e8
@ ./a.out:[0x563e8dc4621d] + 0x563e8f6b5f70 0x3e8
@ ./a.out:[0x563e8dc4621d] + 0x563e8f6b63a0 0x3e8
@ ./a.out:[0x563e8dc4621d] + 0x563e8f6b67d0 0x3e8
@ ./a.out:[0x563e8dc4621d] + 0x563e8f6b6c00 0x3e8
@ ./a.out:[0x563e8dc4621d] + 0x563e8f6b7030 0x3e8
@ ./a.out:[0x563e8dc4621d] + 0x563e8f6b7460 0x3e8
@ ./a.out:[0x563e8dc4621d] + 0x563e8f6b7890 0x3e8
@ ./a.out:[0x563e8dc4621d] + 0x563e8f6b7cc0 0x3e8
@ ./a.out:[0x563e8dc4621d] + 0x563e8f6b80f0 0x3e8
@ ./a.out:[0x563e8dc4621d] + 0x563e8f6b8520 0x3e8
@ ./a.out:[0x563e8dc4621d] + 0x563e8f6b8950 0x3e8
@ ./a.out:[0x563e8dc4621d] + 0x563e8f6b8d80 0x3e8
@ ./a.out:[0x563e8dc4621d] + 0x563e8f6b91b0 0x3e8
@ ./a.out:[0x563e8dc4621d] + 0x563e8f6b95e0 0x3e8
@ ./a.out:[0x563e8dc4621d] + 0x563e8f6b9a10 0x3e8
@ ./a.out:[0x563e8dc4621d] + 0x563e8f6b9e40 0x3e8
@ ./a.out:[0x563e8dc4621d] + 0x563e8f6ba270 0x3e8
@ ./a.out:[0x563e8dc4621d] + 0x563e8f6ba6a0 0x3e8
@ ./a.out:[0x563e8dc4621d] + 0x563e8f6baad0 0x3e8
@ ./a.out:[0x563e8dc4621d] + 0x563e8f6baf00 0x3e8
@ ./a.out:[0x563e8dc4621d] + 0x563e8f6bb330 0x3e8
@ ./a.out:[0x563e8dc4621d] + 0x563e8f6bb760 0x3e8
@ ./a.out:[0x563e8dc4621d] + 0x563e8f6bbb90 0x3e8
@ ./a.out:[0x563e8dc46466] - 0x563e8f6bbb90
@ /lib/x86_64-linux-gnu/libc.so.6:(clearenv+0x5d)[0x7fc59862734d] - 0x563e8f6a12f0
@ /lib/x86_64-linux-gnu/libc.so.6:[0x7fc5986e2db5] - 0x563e8f6a13b0
@ /lib/x86_64-linux-gnu/libc.so.6:[0x7fc598757cec] - 0x563e8f6a1400
@ /lib/x86_64-linux-gnu/libc.so.6:[0x7fc598757db4] - 0x563e8f6a1cf0
@ /lib/x86_64-linux-gnu/libc.so.6:[0x7fc59865dbab] + 0x563e8f6a1cf0 0x1d8
@ ./a.out:[0x563e8dc46353] + 0x563e8f6a13b0 0x13
@ /lib/x86_64-linux-gnu/libc.so.6:(_IO_file_doallocate+0x8c)[0x7fc59865d13c] + 0x563e8f6bbb90 0x1000
@ ./a.out:[0x563e8dc463a8] - 0x563e8f6a18c0
@ ./a.out:[0x563e8dc463a8] - 0x563e8f6a2130
@ ./a.out:[0x563e8dc463a8] - 0x563e8f6a2560
@ ./a.out:[0x563e8dc463a8] - 0x563e8f6a2990
@ ./a.out:[0x563e8dc463a8] - 0x563e8f6a2dc0
@ ./a.out:[0x563e8dc463a8] - 0x563e8f6a31f0
@ ./a.out:[0x563e8dc463a8] - 0x563e8f6a3620
@ ./a.out:[0x563e8dc463a8] - 0x563e8f6a3a50
@ ./a.out:[0x563e8dc463a8] - 0x563e8f6a3e80
@ ./a.out:[0x563e8dc463a8] - 0x563e8f6a42b0
@ ./a.out:[0x563e8dc463a8] - 0x563e8f6a46e0
@ ./a.out:[0x563e8dc463a8] - 0x563e8f6a4b10
@ ./a.out:[0x563e8dc463a8] - 0x563e8f6a4f40
@ ./a.out:[0x563e8dc463a8] - 0x563e8f6a5370
@ ./a.out:[0x563e8dc463a8] - 0x563e8f6a57a0
@ ./a.out:[0x563e8dc463a8] - 0x563e8f6a5bd0
@ ./a.out:[0x563e8dc463a8] - 0x563e8f6a6000
@ ./a.out:[0x563e8dc463a8] - 0x563e8f6a6430
@ ./a.out:[0x563e8dc463a8] - 0x563e8f6a6860
@ ./a.out:[0x563e8dc463a8] - 0x563e8f6a6c90
@ ./a.out:[0x563e8dc463a8] - 0x563e8f6a70c0
@ ./a.out:[0x563e8dc463a8] - 0x563e8f6a74f0
@ ./a.out:[0x563e8dc463a8] - 0x563e8f6a7920
@ ./a.out:[0x563e8dc463a8] - 0x563e8f6a7d50
@ ./a.out:[0x563e8dc463a8] - 0x563e8f6a8180
@ ./a.out:[0x563e8dc463a8] - 0x563e8f6a85b0
@ ./a.out:[0x563e8dc463a8] - 0x563e8f6a89e0
@ ./a.out:[0x563e8dc463a8] - 0x563e8f6a8e10
@ ./a.out:[0x563e8dc463a8] - 0x563e8f6a9240
@ ./a.out:[0x563e8dc463a8] - 0x563e8f6a9670
@ ./a.out:[0x563e8dc463a8] - 0x563e8f6a9aa0
@ ./a.out:[0x563e8dc463a8] - 0x563e8f6a9ed0
@ ./a.out:[0x563e8dc463a8] - 0x563e8f6aa300
@ ./a.out:[0x563e8dc463a8] - 0x563e8f6aa730
@ ./a.out:[0x563e8dc463a8] - 0x563e8f6aab60
@ ./a.out:[0x563e8dc463a8] - 0x563e8f6aaf90
@ ./a.out:[0x563e8dc463a8] - 0x563e8f6ab3c0
@ ./a.out:[0x563e8dc463a8] - 0x563e8f6ab7f0
@ ./a.out:[0x563e8dc463a8] - 0x563e8f6abc20
@ ./a.out:[0x563e8dc463a8] - 0x563e8f6ac050
@ ./a.out:[0x563e8dc463a8] - 0x563e8f6ac480
@ ./a.out:[0x563e8dc463a8] - 0x563e8f6ac8b0
@ ./a.out:[0x563e8dc463a8] - 0x563e8f6acce0
@ ./a.out:[0x563e8dc463a8] - 0x563e8f6ad110
@ ./a.out:[0x563e8dc463a8] - 0x563e8f6ad540
@ ./a.out:[0x563e8dc463a8] - 0x563e8f6ad970
@ ./a.out:[0x563e8dc463a8] - 0x563e8f6adda0
@ ./a.out:[0x563e8dc463a8] - 0x563e8f6ae1d0
@ ./a.out:[0x563e8dc463a8] - 0x563e8f6ae600
@ ./a.out:[0x563e8dc463a8] - 0x563e8f6aea30
@ ./a.out:[0x563e8dc463a8] - 0x563e8f6aee60
@ ./a.out:[0x563e8dc463a8] - 0x563e8f6af290
@ ./a.out:[0x563e8dc463a8] - 0x563e8f6af6c0
@ ./a.out:[0x563e8dc463a8] - 0x563e8f6afaf0
@ ./a.out:[0x563e8dc463a8] - 0x563e8f6aff20
@ ./a.out:[0x563e8dc463a8] - 0x563e8f6b0350
@ ./a.out:[0x563e8dc463a8] - 0x563e8f6b0780
@ ./a.out:[0x563e8dc463a8] - 0x563e8f6b0bb0
@ ./a.out:[0x563e8dc463a8] - 0x563e8f6b0fe0
@ ./a.out:[0x563e8dc463a8] - 0x563e8f6b1410
@ ./a.out:[0x563e8dc463a8] - 0x563e8f6b1840
@ ./a.out:[0x563e8dc463a8] - 0x563e8f6b1c70
@ ./a.out:[0x563e8dc463a8] - 0x563e8f6b20a0
@ ./a.out:[0x563e8dc463a8] - 0x563e8f6b24d0
@ ./a.out:[0x563e8dc463a8] - 0x563e8f6b2900
@ ./a.out:[0x563e8dc463a8] - 0x563e8f6b2d30
@ ./a.out:[0x563e8dc463a8] - 0x563e8f6b3160
@ ./a.out:[0x563e8dc463a8] - 0x563e8f6b3590
@ ./a.out:[0x563e8dc463a8] - 0x563e8f6b39c0
@ ./a.out:[0x563e8dc463a8] - 0x563e8f6b3df0
@ ./a.out:[0x563e8dc463a8] - 0x563e8f6b4220
@ ./a.out:[0x563e8dc463a8] - 0x563e8f6b4650
@ ./a.out:[0x563e8dc463a8] - 0x563e8f6b4a80
@ ./a.out:[0x563e8dc463a8] - 0x563e8f6b4eb0
@ ./a.out:[0x563e8dc463a8] - 0x563e8f6b52e0
@ ./a.out:[0x563e8dc463a8] - 0x563e8f6b5710
@ ./a.out:[0x563e8dc463a8] - 0x563e8f6b5b40
@ ./a.out:[0x563e8dc463a8] - 0x563e8f6b5f70
@ ./a.out:[0x563e8dc463a8] - 0x563e8f6b63a0
@ ./a.out:[0x563e8dc463a8] - 0x563e8f6b67d0
@ ./a.out:[0x563e8dc463a8] - 0x563e8f6b6c00
@ ./a.out:[0x563e8dc463a8] - 0x563e8f6b7030
@ ./a.out:[0x563e8dc463a8] - 0x563e8f6b7460
@ ./a.out:[0x563e8dc463a8] - 0x563e8f6b7890
@ ./a.out:[0x563e8dc463a8] - 0x563e8f6b7cc0
@ ./a.out:[0x563e8dc463a8] - 0x563e8f6b80f0
@ ./a.out:[0x563e8dc463a8] - 0x563e8f6b8520
@ ./a.out:[0x563e8dc463a8] - 0x563e8f6b8950
@ ./a.out:[0x563e8dc463a8] - 0x563e8f6b8d80
@ ./a.out:[0x563e8dc463a8] - 0x563e8f6b91b0
@ ./a.out:[0x563e8dc463a8] - 0x563e8f6b95e0
@ ./a.out:[0x563e8dc463a8] - 0x563e8f6b9a10
@ ./a.out:[0x563e8dc463a8] - 0x563e8f6b9e40
@ ./a.out:[0x563e8dc463a8] - 0x563e8f6ba270
@ ./a.out:[0x563e8dc463a8] - 0x563e8f6ba6a0
@ ./a.out:[0x563e8dc463a8] - 0x563e8f6baad0
@ ./a.out:[0x563e8dc463a8] - 0x563e8f6baf00
@ ./a.out:[0x563e8dc463a8] - 0x563e8f6bb330
@ ./a.out:[0x563e8dc463a8] - 0x563e8f6bb760
@ ./a.out:[0x563e8dc463d3] - 0x563e8f6a13b0
@ /lib/x86_64-linux-gnu/libc.so.6:(_IO_setb+0x55)[0x7fc59866b9f5] - 0x563e8f6bbb90
@ /lib/x86_64-linux-gnu/libc.so.6:(fclose+0xef)[0x7fc59865d2ff] - 0x563e8f6a1cf0
