= Start
@ ./a.out:[0x561b7b6f422d] + 0x561b7ca5c8c0 0x3e8
@ /lib/x86_64-linux-gnu/libc.so.6:(_IO_file_doallocate+0x8c)[0x7fb467b4013c] + 0x561b7ca5ccf0 0x400
@ ./a.out:[0x561b7b6f422d] + 0x561b7ca5d130 0x3e8
@ ./a.out:[0x561b7b6f422d] + 0x561b7ca5d560 0x3e8
@ ./a.out:[0x561b7b6f422d] + 0x561b7ca5d990 0x3e8
@ ./a.out:[0x561b7b6f422d] + 0x561b7ca5ddc0 0x3e8
@ ./a.out:[0x561b7b6f422d] + 0x561b7ca5e1f0 0x3e8
@ ./a.out:[0x561b7b6f422d] + 0x561b7ca5e620 0x3e8
@ ./a.out:[0x561b7b6f422d] + 0x561b7ca5ea50 0x3e8
@ ./a.out:[0x561b7b6f422d] + 0x561b7ca5ee80 0x3e8
@ ./a.out:[0x561b7b6f422d] + 0x561b7ca5f2b0 0x3e8
@ ./a.out:[0x561b7b6f422d] + 0x561b7ca5f6e0 0x3e8
@ ./a.out:[0x561b7b6f422d] + 0x561b7ca5fb10 0x3e8
@ ./a.out:[0x561b7b6f422d] + 0x561b7ca5ff40 0x3e8
@ ./a.out:[0x561b7b6f422d] + 0x561b7ca60370 0x3e8
@ ./a.out:[0x561b7b6f422d] + 0x561b7ca607a0 0x3e8
@ ./a.out:[0x561b7b6f422d] + 0x561b7ca60bd0 0x3e8
@ ./a.out:[0x561b7b6f422d] + 0x561b7ca61000 0x3e8
@ ./a.out:[0x561b7b6f422d] + 0x561b7ca61430 0x3e8
@ ./a.out:[0x561b7b6f422d] + 0x561b7ca61860 0x3e8
@ ./a.out:[0x561b7b6f422d] + 0x561b7ca61c90 0x3e8
@ ./a.out:[0x561b7b6f422d] + 0x561b7ca620c0 0x3e8
@ ./a.out:[0x561b7b6f422d] + 0x561b7ca624f0 0x3e8
@ ./a.out:[0x561b7b6f422d] + 0x561b7ca62920 0x3e8
@ ./a.out:[0x561b7b6f422d] + 0x561b7ca62d50 0x3e8
@ ./a.out:[0x561b7b6f422d] + 0x561b7ca63180 0x3e8
@ ./a.out:[0x561b7b6f422d] + 0x561b7ca635b0 0x3e8
@ ./a.out:[0x561b7b6f422d] + 0x561b7ca639e0 0x3e8
@ ./a.out:[0x561b7b6f422d] + 0x561b7ca63e10 0x3e8
@ ./a.out:[0x561b7b6f422d] + 0x561b7ca64240 0x3e8
@ ./a.out:[0x561b7b6f422d] + 0x561b7ca64670 0x3e8
@ ./a.out:[0x561b7b6f422d] + 0x561b7ca64aa0 0x3e8
@ ./a.out:[0x561b7b6f422d] + 0x561b7ca64ed0 0x3e8
@ ./a.out:[0x561b7b6f422d] + 0x561b7ca65300 0x3e8
@ ./a.out:[0x561b7b6f422d] + 0x561b7ca65730 0x3e8
@ ./a.out:[0x561b7b6f422d] + 0x561b7ca65b60 0x3e8
@ ./a.out:[0x561b7b6f422d] + 0x561b7ca65f90 0x3e8
@ ./a.out:[0x561b7b6f422d] + 0x561b7ca663c0 0x3e8
@ ./a.out:[0x561b7b6f422d] + 0x561b7ca667f0 0x3e8
@ ./a.out:[0x561b7b6f422d] + 0x561b7ca66c20 0x3e8
@ ./a.out:[0x561b7b6f422d] + 0x561b7ca67050 0x3e8
@ ./a.out:[0x561b7b6f422d] + 0x561b7ca67480 0x3e8
@ ./a.out:[0x561b7b6f422d] + 0x561b7ca678b0 0x3e8
@ ./a.out:[0x561b7b6f422d] + 0x561b7ca67ce0 0x3e8
@ ./a.out:[0x561b7b6f422d] + 0x561b7ca68110 0x3e8
@ ./a.out:[0x561b7b6f422d] + 0x561b7ca68540 0x3e8
@ ./a.out:[0x561b7b6f422d] + 0x561b7ca68970 0x3e8
@ ./a.out:[0x561b7b6f422d] + 0x561b7ca68da0 0x3e8
@ ./a.out:[0x561b7b6f422d] + 0x561b7ca691d0 0x3e8
@ ./a.out:[0x561b7b6f422d] + 0x561b7ca69600 0x3e8
@ ./a.out:[0x561b7b6f422d] + 0x561b7ca69a30 0x3e8
@ ./a.out:[0x561b7b6f422d] + 0x561b7ca69e60 0x3e8
@ ./a.out:[0x561b7b6f422d] + 0x561b7ca6a290 0x3e8
@ ./a.out:[0x561b7b6f422d] + 0x561b7ca6a6c0 0x3e8
@ ./a.out:[0x561b7b6f422d] + 0x561b7ca6aaf0 0x3e8
@ ./a.out:[0x561b7b6f422d] + 0x561b7ca6af20 0x3e8
@ ./a.out:[0x561b7b6f422d] + 0x561b7ca6b350 0x3e8
@ ./a.out:[0x561b7b6f422d] + 0x561b7ca6b780 0x3e8
@ ./a.out:[0x561b7b6f422d] + 0x561b7ca6bbb0 0x3e8
@ ./a.out:[0x561b7b6f422d] + 0x561b7ca6bfe0 0x3e8
@ ./a.out:[0x561b7b6f422d] + 0x561b7ca6c410 0x3e8
@ ./a.out:[0x561b7b6f422d] + 0x561b7ca6c840 0x3e8
@ ./a.out:[0x561b7b6f422d] + 0x561b7ca6cc70 0x3e8
@ ./a.out:[0x561b7b6f422d] + 0x561b7ca6d0a0 0x3e8
@ ./a.out:[0x561b7b6f422d] + 0x561b7ca6d4d0 0x3e8
@ ./a.out:[0x561b7b6f422d] + 0x561b7ca6d900 0x3e8
@ ./a.out:[0x561b7b6f422d] + 0x561b7ca6dd30 0x3e8
@ ./a.out:[0x561b7b6f422d] + 0x561b7ca6e160 0x3e8
@ ./a.out:[0x561b7b6f422d] + 0x561b7ca6e590 0x3e8
@ ./a.out:[0x561b7b6f422d] + 0x561b7ca6e9c0 0x3e8
@ ./a.out:[0x561b7b6f422d] + 0x561b7ca6edf0 0x3e8
@ ./a.out:[0x561b7b6f422d] + 0x561b7ca6f220 0x3e8
@ ./a.out:[0x561b7b6f422d] + 0x561b7ca6f650 0x3e8
@ ./a.out:[0x561b7b6f422d] + 0x561b7ca6fa80 0x3e8
@ ./a.out:[0x561b7b6f422d] + 0x561b7ca6feb0 0x3e8
@ ./a.out:[0x561b7b6f422d] + 0x561b7ca702e0 0x3e8
@ ./a.out:[0x561b7b6f422d] + 0x561b7ca70710 0x3e8
@ ./a.out:[0x561b7b6f422d] + 0x561b7ca70b40 0x3e8
@ ./a.out:[0x561b7b6f422d] + 0x561b7ca70f70 0x3e8
@ ./a.out:[0x561b7b6f422d] + 0x561b7ca713a0 0x3e8
@ ./a.out:[0x561b7b6f422d] + 0x561b7ca717d0 0x3e8
@ ./a.out:[0x561b7b6f422d] + 0x561b7ca71c00 0x3e8
@ ./a.out:[0x561b7b6f422d] + 0x561b7ca72030 0x3e8
@ ./a.out:[0x561b7b6f422d] + 0x561b7ca72460 0x3e8
@ ./a.out:[0x561b7b6f422d] + 0x561b7ca72890 0x3e8
@ ./a.out:[0x561b7b6f422d] + 0x561b7ca72cc0 0x3e8
@ ./a.out:[0x561b7b6f422d] + 0x561b7ca730f0 0x3e8
@ ./a.out:[0x561b7b6f422d] + 0x561b7ca73520 0x3e8
@ ./a.out:[0x561b7b6f422d] + 0x561b7ca73950 0x3e8
@ ./a.out:[0x561b7b6f422d] + 0x561b7ca73d80 0x3e8
@ ./a.out:[0x561b7b6f422d] + 0x561b7ca741b0 0x3e8
@ ./a.out:[0x561b7b6f422d] + 0x561b7ca745e0 0x3e8
@ ./a.out:[0x561b7b6f422d] + 0x561b7ca74a10 0x3e8
@ ./a.out:[0x561b7b6f422d] + 0x561b7ca74e40 0x3e8
@ ./a.out:[0x561b7b6f422d] + 0x561b7ca75270 0x3e8
@ ./a.out:[0x561b7b6f422d] + 0x561b7ca756a0 0x3e8
@ ./a.out:[0x561b7b6f422d] + 0x561b7ca75ad0 0x3e8
@ ./a.out:[0x561b7b6f422d] + 0x561b7ca75f00 0x3e8
@ ./a.out:[0x561b7b6f422d] + 0x561b7ca76330 0x3e8
@ ./a.out:[0x561b7b6f422d] + 0x561b7ca76760 0x3e8
@ ./a.out:[0x561b7b6f422d] + 0x561b7ca76b90 0x3e8
@ ./a.out:[0x561b7b6f4499] - 0x561b7ca76b90
@ /lib/x86_64-linux-gnu/libc.so.6:(clearenv+0x5d)[0x7fb467b0a34d] - 0x561b7ca5c2f0
@ /lib/x86_64-linux-gnu/libc.so.6:[0x7fb467bc5db5] - 0x561b7ca5c3b0
@ /lib/x86_64-linux-gnu/libc.so.6:[0x7fb467c3acec] - 0x561b7ca5c400
@ /lib/x86_64-linux-gnu/libc.so.6:[0x7fb467c3adb4] - 0x561b7ca5ccf0
@ /lib/x86_64-linux-gnu/libc.so.6:[0x7fb467b40bab] + 0x561b7ca5ccf0 0x1d8
@ ./a.out:[0x561b7b6f434a] + 0x561b7ca5c3b0 0x13
@ /lib/x86_64-linux-gnu/libc.so.6:(_IO_file_doallocate+0x8c)[0x7fb467b4013c] + 0x561b7ca76b90 0x1000
@ ./a.out:[0x561b7b6f43b9] - 0x561b7ca5c8c0
@ ./a.out:[0x561b7b6f43b9] - 0x561b7ca5d130
@ ./a.out:[0x561b7b6f43b9] - 0x561b7ca5d560
@ ./a.out:[0x561b7b6f43b9] - 0x561b7ca5d990
@ ./a.out:[0x561b7b6f43b9] - 0x561b7ca5ddc0
@ ./a.out:[0x561b7b6f43b9] - 0x561b7ca5e1f0
@ ./a.out:[0x561b7b6f43b9] - 0x561b7ca5e620
@ ./a.out:[0x561b7b6f43b9] - 0x561b7ca5ea50
@ ./a.out:[0x561b7b6f43b9] - 0x561b7ca5ee80
@ ./a.out:[0x561b7b6f43b9] - 0x561b7ca5f2b0
@ ./a.out:[0x561b7b6f43b9] - 0x561b7ca5f6e0
@ ./a.out:[0x561b7b6f43b9] - 0x561b7ca5fb10
@ ./a.out:[0x561b7b6f43b9] - 0x561b7ca5ff40
@ ./a.out:[0x561b7b6f43b9] - 0x561b7ca60370
@ ./a.out:[0x561b7b6f43b9] - 0x561b7ca607a0
@ ./a.out:[0x561b7b6f43b9] - 0x561b7ca60bd0
@ ./a.out:[0x561b7b6f43b9] - 0x561b7ca61000
@ ./a.out:[0x561b7b6f43b9] - 0x561b7ca61430
@ ./a.out:[0x561b7b6f43b9] - 0x561b7ca61860
@ ./a.out:[0x561b7b6f43b9] - 0x561b7ca61c90
@ ./a.out:[0x561b7b6f43b9] - 0x561b7ca620c0
@ ./a.out:[0x561b7b6f43b9] - 0x561b7ca624f0
@ ./a.out:[0x561b7b6f43b9] - 0x561b7ca62920
@ ./a.out:[0x561b7b6f43b9] - 0x561b7ca62d50
@ ./a.out:[0x561b7b6f43b9] - 0x561b7ca63180
@ ./a.out:[0x561b7b6f43b9] - 0x561b7ca635b0
@ ./a.out:[0x561b7b6f43b9] - 0x561b7ca639e0
@ ./a.out:[0x561b7b6f43b9] - 0x561b7ca63e10
@ ./a.out:[0x561b7b6f43b9] - 0x561b7ca64240
@ ./a.out:[0x561b7b6f43b9] - 0x561b7ca64670
@ ./a.out:[0x561b7b6f43b9] - 0x561b7ca64aa0
@ ./a.out:[0x561b7b6f43b9] - 0x561b7ca64ed0
@ ./a.out:[0x561b7b6f43b9] - 0x561b7ca65300
@ ./a.out:[0x561b7b6f43b9] - 0x561b7ca65730
@ ./a.out:[0x561b7b6f43b9] - 0x561b7ca65b60
@ ./a.out:[0x561b7b6f43b9] - 0x561b7ca65f90
@ ./a.out:[0x561b7b6f43b9] - 0x561b7ca663c0
@ ./a.out:[0x561b7b6f43b9] - 0x561b7ca667f0
@ ./a.out:[0x561b7b6f43b9] - 0x561b7ca66c20
@ ./a.out:[0x561b7b6f43b9] - 0x561b7ca67050
@ ./a.out:[0x561b7b6f43b9] - 0x561b7ca67480
@ ./a.out:[0x561b7b6f43b9] - 0x561b7ca678b0
@ ./a.out:[0x561b7b6f43b9] - 0x561b7ca67ce0
@ ./a.out:[0x561b7b6f43b9] - 0x561b7ca68110
@ ./a.out:[0x561b7b6f43b9] - 0x561b7ca68540
@ ./a.out:[0x561b7b6f43b9] - 0x561b7ca68970
@ ./a.out:[0x561b7b6f43b9] - 0x561b7ca68da0
@ ./a.out:[0x561b7b6f43b9] - 0x561b7ca691d0
@ ./a.out:[0x561b7b6f43b9] - 0x561b7ca69600
@ ./a.out:[0x561b7b6f43b9] - 0x561b7ca69a30
@ ./a.out:[0x561b7b6f43b9] - 0x561b7ca69e60
@ ./a.out:[0x561b7b6f43b9] - 0x561b7ca6a290
@ ./a.out:[0x561b7b6f43b9] - 0x561b7ca6a6c0
@ ./a.out:[0x561b7b6f43b9] - 0x561b7ca6aaf0
@ ./a.out:[0x561b7b6f43b9] - 0x561b7ca6af20
@ ./a.out:[0x561b7b6f43b9] - 0x561b7ca6b350
@ ./a.out:[0x561b7b6f43b9] - 0x561b7ca6b780
@ ./a.out:[0x561b7b6f43b9] - 0x561b7ca6bbb0
@ ./a.out:[0x561b7b6f43b9] - 0x561b7ca6bfe0
@ ./a.out:[0x561b7b6f43b9] - 0x561b7ca6c410
@ ./a.out:[0x561b7b6f43b9] - 0x561b7ca6c840
@ ./a.out:[0x561b7b6f43b9] - 0x561b7ca6cc70
@ ./a.out:[0x561b7b6f43b9] - 0x561b7ca6d0a0
@ ./a.out:[0x561b7b6f43b9] - 0x561b7ca6d4d0
@ ./a.out:[0x561b7b6f43b9] - 0x561b7ca6d900
@ ./a.out:[0x561b7b6f43b9] - 0x561b7ca6dd30
@ ./a.out:[0x561b7b6f43b9] - 0x561b7ca6e160
@ ./a.out:[0x561b7b6f43b9] - 0x561b7ca6e590
@ ./a.out:[0x561b7b6f43b9] - 0x561b7ca6e9c0
@ ./a.out:[0x561b7b6f43b9] - 0x561b7ca6edf0
@ ./a.out:[0x561b7b6f43b9] - 0x561b7ca6f220
@ ./a.out:[0x561b7b6f43b9] - 0x561b7ca6f650
@ ./a.out:[0x561b7b6f43b9] - 0x561b7ca6fa80
@ ./a.out:[0x561b7b6f43b9] - 0x561b7ca6feb0
@ ./a.out:[0x561b7b6f43b9] - 0x561b7ca702e0
@ ./a.out:[0x561b7b6f43b9] - 0x561b7ca70710
@ ./a.out:[0x561b7b6f43b9] - 0x561b7ca70b40
@ ./a.out:[0x561b7b6f43b9] - 0x561b7ca70f70
@ ./a.out:[0x561b7b6f43b9] - 0x561b7ca713a0
@ ./a.out:[0x561b7b6f43b9] - 0x561b7ca717d0
@ ./a.out:[0x561b7b6f43b9] - 0x561b7ca71c00
@ ./a.out:[0x561b7b6f43b9] - 0x561b7ca72030
@ ./a.out:[0x561b7b6f43b9] - 0x561b7ca72460
@ ./a.out:[0x561b7b6f43b9] - 0x561b7ca72890
@ ./a.out:[0x561b7b6f43b9] - 0x561b7ca72cc0
@ ./a.out:[0x561b7b6f43b9] - 0x561b7ca730f0
@ ./a.out:[0x561b7b6f43b9] - 0x561b7ca73520
@ ./a.out:[0x561b7b6f43b9] - 0x561b7ca73950
@ ./a.out:[0x561b7b6f43b9] - 0x561b7ca73d80
@ ./a.out:[0x561b7b6f43b9] - 0x561b7ca741b0
@ ./a.out:[0x561b7b6f43b9] - 0x561b7ca745e0
@ ./a.out:[0x561b7b6f43b9] - 0x561b7ca74a10
@ ./a.out:[0x561b7b6f43b9] - 0x561b7ca74e40
@ ./a.out:[0x561b7b6f43b9] - 0x561b7ca75270
@ ./a.out:[0x561b7b6f43b9] - 0x561b7ca756a0
@ ./a.out:[0x561b7b6f43b9] - 0x561b7ca75ad0
@ ./a.out:[0x561b7b6f43b9] - 0x561b7ca75f00
@ ./a.out:[0x561b7b6f43b9] - 0x561b7ca76330
@ ./a.out:[0x561b7b6f43b9] - 0x561b7ca76760
@ ./a.out:[0x561b7b6f4406] - 0x561b7ca5c3b0
@ /lib/x86_64-linux-gnu/libc.so.6:(_IO_setb+0x55)[0x7fb467b4e9f5] - 0x561b7ca76b90
@ /lib/x86_64-linux-gnu/libc.so.6:(fclose+0xef)[0x7fb467b402ff] - 0x561b7ca5ccf0
